<?xml version="1.0" encoding="UTF-8"?>
<testsuite xmlns:xsi="http://www.w3.org/2001/XMLSchema-instance" xsi:schemaLocation="https://maven.apache.org/surefire/maven-surefire-plugin/xsd/surefire-test-report.xsd" name="stepdefinitions.RunnerTest" time="416.528" tests="41" errors="0" skipped="0" failures="0">
  <properties>
[...]
</properties>
  <testcase name="Given Verify that user is on meritnation HomePage" classname="Scenario: Test login with valid credentials" time="0.002"/>
  <testcase name="And verify the Create Account button is present" classname="Scenario: Test login with valid credentials" time="0"/>
  <testcase name="When User click on Login link" classname="Scenario: Test login with valid credentials" time="0.001"/>
  <testcase name="Then User should be navigated to LoginPage" classname="Scenario: Test login with valid credentials" time="0"/>
  <testcase name="Scenario: Test login with valid credentials" classname="Scenario: Test login with valid credentials" time="0.957"/>
  <testcase name="Given Verify that user is on meritnation HomePage" classname="| sunaina@test.com | 12345678 |" time="0"/>
  <testcase name="And verify the Create Account button is present" classname="| sunaina@test.com | 12345678 |" time="0"/>
  <testcase name="When User click on Login link" classname="| sunaina@test.com | 12345678 |" time="0"/>
  <testcase name="Then User should be navigated to LoginPage" classname="| sunaina@test.com | 12345678 |" time="0"/>
  <testcase name="Given user is on login page" classname="| sunaina@test.com | 12345678 |" time="0"/>
  <testcase name="When User enters &quot;sunaina@test.com&quot; and &quot;12345678&quot;" classname="| sunaina@test.com | 12345678 |" time="0"/>
  <testcase name="And click on login button" classname="| sunaina@test.com | 12345678 |" time="0"/>
  <testcase name="Then User should be navigated to UserPage" classname="| sunaina@test.com | 12345678 |" time="0"/>
  <testcase name="| sunaina@test.com | 12345678 |" classname="| sunaina@test.com | 12345678 |" time="0.81"/>
  <testcase name="Given Verify that user is on meritnation HomePage" classname="| deepak@test.com | 12345678 |" time="0.001"/>
  <testcase name="And verify the Create Account button is present" classname="| deepak@test.com | 12345678 |" time="0"/>
  <testcase name="When User click on Login link" classname="| deepak@test.com | 12345678 |" time="0"/>
  <testcase name="Then User should be navigated to LoginPage" classname="| deepak@test.com | 12345678 |" time="0.001"/>
  <testcase name="Given user is on login page" classname="| deepak@test.com | 12345678 |" time="0"/>
  <testcase name="When User enters &quot;deepak@test.com&quot; and &quot;12345678&quot;" classname="| deepak@test.com | 12345678 |" time="0"/>
  <testcase name="And click on login button" classname="| deepak@test.com | 12345678 |" time="0"/>
  <testcase name="Then User should be navigated to UserPage" classname="| deepak@test.com | 12345678 |" time="0"/>
  <testcase name="| deepak@test.com | 12345678 |" classname="| deepak@test.com | 12345678 |" time="0.808"/>
  <testcase name="Given Verify that user is on meritnation HomePage" classname="| sunaina@test.com | 1234567 |" time="0"/>
  <testcase name="And verify the Create Account button is present" classname="| sunaina@test.com | 1234567 |" time="0"/>
  <testcase name="When User click on Login link" classname="| sunaina@test.com | 1234567 |" time="0"/>
  <testcase name="Then User should be navigated to LoginPage" classname="| sunaina@test.com | 1234567 |" time="0"/>
  <testcase name="Given user is on login page" classname="| sunaina@test.com | 1234567 |" time="0"/>
  <testcase name="When User enters &quot;sunaina@test.com&quot; and &quot;1234567&quot;" classname="| sunaina@test.com | 1234567 |" time="0"/>
  <testcase name="And click on login button" classname="| sunaina@test.com | 1234567 |" time="0"/>
  <testcase name="Then User should be navigated to the same page" classname="| sunaina@test.com | 1234567 |" time="0"/>
  <testcase name="| sunaina@test.com | 1234567 |" classname="| sunaina@test.com | 1234567 |" time="0.811"/>
  <testcase name="Given Verify that user is on meritnation HomePage" classname="Scenario: Test the correct userpage is displayed" time="0"/>
  <testcase name="And User click on Login link" classname="Scenario: Test the correct userpage is displayed" time="0"/>
  <testcase name="And User should be navigated to LoginPage" classname="Scenario: Test the correct userpage is displayed" time="0"/>
  <testcase name="When User enters &quot;sunaina@test.com&quot; in username and &quot;12345678&quot; in password" classname="Scenario: Test the correct userpage is displayed" time="0"/>
  <testcase name="And click on login button" classname="Scenario: Test the correct userpage is displayed" time="0"/>
  <testcase name="Then User should be navigated to UserPage" classname="Scenario: Test the correct userpage is displayed" time="0"/>
  <testcase name="Given User should be navigated to UserPage" classname="Scenario: Test the correct userpage is displayed" time="0"/>
  <testcase name="Then verify user has successfully logged in" classname="Scenario: Test the correct userpage is displayed" time="0"/>
  <testcase name="Scenario: Test the correct userpage is displayed" classname="Scenario: Test the correct userpage is displayed" time="0.863"/>
</testsuite>